<?xml version="1.0" encoding="UTF-8"?>
<testsuite name="CodeSharingPlatformTest" tests="1" skipped="0" failures="0" errors="0" timestamp="2022-07-28T16:16:00" hostname="ydoksanbirMP" time="9.878">
  <properties/>
  <testcase name="start" classname="CodeSharingPlatformTest" time="9.878"/>
  <system-out><![CDATA[?[1;31m
Start test 1?[0m

  .   ____          _            __ _ _
 /\\ / ___'_ __ _ _(_)_ __  __ _ \ \ \ \
( ( )\___ | '_ | '_| | '_ \/ _` | \ \ \ \
 \\/  ___)| |_)| | | | | || (_| |  ) ) ) )
  '  |____| .__|_| |_|_| |_\__, | / / / /
 =========|_|==============|___/=/_/_/_/
 :: Spring Boot ::                (v2.5.6)

2022-07-28 19:16:01.045  INFO 13531 --- [    Test worker] platform.CodeSharingPlatform             : Starting CodeSharingPlatform using Java 18.0.2 on ydoksanbirMP with PID 13531 (started by doksanbir in /Users/doksanbir/IdeaProjects/Code Sharing Platform/Code Sharing Platform/task)
2022-07-28 19:16:01.046  INFO 13531 --- [    Test worker] platform.CodeSharingPlatform             : No active profile set, falling back to default profiles: default
2022-07-28 19:16:01.429  INFO 13531 --- [    Test worker] .s.d.r.c.RepositoryConfigurationDelegate : Bootstrapping Spring Data JPA repositories in DEFAULT mode.
2022-07-28 19:16:01.448  INFO 13531 --- [    Test worker] .s.d.r.c.RepositoryConfigurationDelegate : Finished Spring Data repository scanning in 15 ms. Found 1 JPA repository interfaces.
2022-07-28 19:16:01.679  INFO 13531 --- [    Test worker] o.s.b.w.embedded.tomcat.TomcatWebServer  : Tomcat initialized with port(s): 8889 (http)
2022-07-28 19:16:01.684  INFO 13531 --- [    Test worker] o.apache.catalina.core.StandardService   : Starting service [Tomcat]
2022-07-28 19:16:01.684  INFO 13531 --- [    Test worker] org.apache.catalina.core.StandardEngine  : Starting Servlet engine: [Apache Tomcat/9.0.54]
2022-07-28 19:16:01.725  INFO 13531 --- [    Test worker] o.a.c.c.C.[Tomcat].[localhost].[/]       : Initializing Spring embedded WebApplicationContext
2022-07-28 19:16:01.725  INFO 13531 --- [    Test worker] w.s.c.ServletWebServerApplicationContext : Root WebApplicationContext: initialization completed in 657 ms
2022-07-28 19:16:01.773  INFO 13531 --- [    Test worker] com.zaxxer.hikari.HikariDataSource       : HikariPool-1 - Starting...
2022-07-28 19:16:01.851  INFO 13531 --- [    Test worker] com.zaxxer.hikari.HikariDataSource       : HikariPool-1 - Start completed.
2022-07-28 19:16:01.854  INFO 13531 --- [    Test worker] o.s.b.a.h2.H2ConsoleAutoConfiguration    : H2 console available at '/h2-console'. Database available at 'jdbc:h2:file:../snippets'
2022-07-28 19:16:01.939  INFO 13531 --- [    Test worker] o.hibernate.jpa.internal.util.LogHelper  : HHH000204: Processing PersistenceUnitInfo [name: default]
2022-07-28 19:16:01.964  INFO 13531 --- [    Test worker] org.hibernate.Version                    : HHH000412: Hibernate ORM core version 5.4.32.Final
2022-07-28 19:16:02.024  INFO 13531 --- [    Test worker] o.hibernate.annotations.common.Version   : HCANN000001: Hibernate Commons Annotations {5.1.2.Final}
2022-07-28 19:16:02.071  INFO 13531 --- [    Test worker] org.hibernate.dialect.Dialect            : HHH000400: Using dialect: org.hibernate.dialect.H2Dialect
2022-07-28 19:16:02.322  INFO 13531 --- [    Test worker] o.h.e.t.j.p.i.JtaPlatformInitiator       : HHH000490: Using JtaPlatform implementation: [org.hibernate.engine.transaction.jta.platform.internal.NoJtaPlatform]
2022-07-28 19:16:02.325  INFO 13531 --- [    Test worker] j.LocalContainerEntityManagerFactoryBean : Initialized JPA EntityManagerFactory for persistence unit 'default'
2022-07-28 19:16:02.464  WARN 13531 --- [    Test worker] JpaBaseConfiguration$JpaWebConfiguration : spring.jpa.open-in-view is enabled by default. Therefore, database queries may be performed during view rendering. Explicitly configure spring.jpa.open-in-view to disable this warning
2022-07-28 19:16:02.553  INFO 13531 --- [    Test worker] o.s.b.a.w.s.WelcomePageHandlerMapping    : Adding welcome page template: index
2022-07-28 19:16:02.705  INFO 13531 --- [    Test worker] o.s.b.a.e.web.EndpointLinksResolver      : Exposing 14 endpoint(s) beneath base path '/actuator'
2022-07-28 19:16:02.719  INFO 13531 --- [    Test worker] o.s.b.w.embedded.tomcat.TomcatWebServer  : Tomcat started on port(s): 8889 (http) with context path ''
2022-07-28 19:16:02.730  INFO 13531 --- [    Test worker] platform.CodeSharingPlatform             : Started CodeSharingPlatform in 1.823 seconds (JVM running for 2.134)
2022-07-28 19:16:02.869  INFO 13531 --- [nio-8889-exec-1] o.a.c.c.C.[Tomcat].[localhost].[/]       : Initializing Spring DispatcherServlet 'dispatcherServlet'
2022-07-28 19:16:02.869  INFO 13531 --- [nio-8889-exec-1] o.s.web.servlet.DispatcherServlet        : Initializing Servlet 'dispatcherServlet'
2022-07-28 19:16:02.870  INFO 13531 --- [nio-8889-exec-1] o.s.web.servlet.DispatcherServlet        : Completed initialization in 1 ms
?[1;31m
Start test 2?[0m
a066920c-fb0c-4151-ae04-2da83325b2cc
?[1;31m
Start test 3?[0m
Looking for code with uuid=a066920c-fb0c-4151-ae04-2da83325b2cc
Code Found: Code{uuid='a066920c-fb0c-4151-ae04-2da83325b2cc', date='2022-07-28 19:16:03.004', code='public static void ...', time=0, views=0, viewRestricted=false, timeRestricted=false}
Now Checking views count
Now Checking lifetime
Returning Code: Code{uuid='a066920c-fb0c-4151-ae04-2da83325b2cc', date='2022-07-28 19:16:03.004', code='public static void ...', time=0, views=0, viewRestricted=false, timeRestricted=false}
?[1;31m
Start test 4?[0m
Looking for code with uuid=a066920c-fb0c-4151-ae04-2da83325b2cc
Code Found: Code{uuid='a066920c-fb0c-4151-ae04-2da83325b2cc', date='2022-07-28 19:16:03.004', code='public static void ...', time=0, views=0, viewRestricted=false, timeRestricted=false}
Now Checking views count
Now Checking lifetime
Returning Code: Code{uuid='a066920c-fb0c-4151-ae04-2da83325b2cc', date='2022-07-28 19:16:03.004', code='public static void ...', time=0, views=0, viewRestricted=false, timeRestricted=false}
?[1;31m
Start test 5?[0m
?[1;31m
Start test 6?[0m
?[1;31m
Start test 7?[0m
c678677f-4fe4-45e7-9151-93f508a2af0d
?[1;31m
Start test 8?[0m
Looking for code with uuid=a066920c-fb0c-4151-ae04-2da83325b2cc
Code Found: Code{uuid='a066920c-fb0c-4151-ae04-2da83325b2cc', date='2022-07-28 19:16:03.004', code='public static void ...', time=0, views=0, viewRestricted=false, timeRestricted=false}
Now Checking views count
Now Checking lifetime
Returning Code: Code{uuid='a066920c-fb0c-4151-ae04-2da83325b2cc', date='2022-07-28 19:16:03.004', code='public static void ...', time=0, views=0, viewRestricted=false, timeRestricted=false}
?[1;31m
Start test 9?[0m
Looking for code with uuid=a066920c-fb0c-4151-ae04-2da83325b2cc
Code Found: Code{uuid='a066920c-fb0c-4151-ae04-2da83325b2cc', date='2022-07-28 19:16:03.004', code='public static void ...', time=0, views=0, viewRestricted=false, timeRestricted=false}
Now Checking views count
Now Checking lifetime
Returning Code: Code{uuid='a066920c-fb0c-4151-ae04-2da83325b2cc', date='2022-07-28 19:16:03.004', code='public static void ...', time=0, views=0, viewRestricted=false, timeRestricted=false}
?[1;31m
Start test 10?[0m
Looking for code with uuid=c678677f-4fe4-45e7-9151-93f508a2af0d
Code Found: Code{uuid='c678677f-4fe4-45e7-9151-93f508a2af0d', date='2022-07-28 19:16:03.188', code='class Code { ...', time=0, views=0, viewRestricted=false, timeRestricted=false}
Now Checking views count
Now Checking lifetime
Returning Code: Code{uuid='c678677f-4fe4-45e7-9151-93f508a2af0d', date='2022-07-28 19:16:03.188', code='class Code { ...', time=0, views=0, viewRestricted=false, timeRestricted=false}
?[1;31m
Start test 11?[0m
Looking for code with uuid=c678677f-4fe4-45e7-9151-93f508a2af0d
Code Found: Code{uuid='c678677f-4fe4-45e7-9151-93f508a2af0d', date='2022-07-28 19:16:03.188', code='class Code { ...', time=0, views=0, viewRestricted=false, timeRestricted=false}
Now Checking views count
Now Checking lifetime
Returning Code: Code{uuid='c678677f-4fe4-45e7-9151-93f508a2af0d', date='2022-07-28 19:16:03.188', code='class Code { ...', time=0, views=0, viewRestricted=false, timeRestricted=false}
?[1;31m
Start test 12?[0m
?[1;31m
Start test 13?[0m
?[1;31m
Start test 14?[0m
757590e1-2e2a-4abc-b6b8-fbdb3d867ded
?[1;31m
Start test 15?[0m
e5c0eea5-bfed-4c3e-ae70-b051ff36835c
?[1;31m
Start test 16?[0m
b62cad8e-c57a-421a-99df-b15d6dfbcc94
?[1;31m
Start test 17?[0m
9bfa76e1-63dd-4b8c-969c-5ef7c8bb05e8
?[1;31m
Start test 18?[0m
f1ae4eb7-7d73-44ce-9796-a77d0e81f773
?[1;31m
Start test 19?[0m
cc9db152-1814-4c49-b8eb-1af9b7f485ac
?[1;31m
Start test 20?[0m
db774a78-cebe-4d6a-a45b-62aafe65768b
?[1;31m
Start test 21?[0m
63625a56-ba91-4a66-9445-d8e4703f5048
?[1;31m
Start test 22?[0m
2afab81b-c650-4ce6-a3bc-657f4f87920b
?[1;31m
Start test 23?[0m
29da7df4-fc45-4a68-944c-839022776f25
?[1;31m
Start test 24?[0m
764532a6-ad17-4ee2-8d22-743bc1ff4665
?[1;31m
Start test 25?[0m
ec0ea795-5bfb-4e60-a76f-1ea8f882f1d0
?[1;31m
Start test 26?[0m
Looking for code with uuid=a066920c-fb0c-4151-ae04-2da83325b2cc
Code Found: Code{uuid='a066920c-fb0c-4151-ae04-2da83325b2cc', date='2022-07-28 19:16:03.004', code='public static void ...', time=0, views=0, viewRestricted=false, timeRestricted=false}
Now Checking views count
Now Checking lifetime
Returning Code: Code{uuid='a066920c-fb0c-4151-ae04-2da83325b2cc', date='2022-07-28 19:16:03.004', code='public static void ...', time=0, views=0, viewRestricted=false, timeRestricted=false}
?[1;31m
Start test 27?[0m
Looking for code with uuid=a066920c-fb0c-4151-ae04-2da83325b2cc
Code Found: Code{uuid='a066920c-fb0c-4151-ae04-2da83325b2cc', date='2022-07-28 19:16:03.004', code='public static void ...', time=0, views=0, viewRestricted=false, timeRestricted=false}
Now Checking views count
Now Checking lifetime
Returning Code: Code{uuid='a066920c-fb0c-4151-ae04-2da83325b2cc', date='2022-07-28 19:16:03.004', code='public static void ...', time=0, views=0, viewRestricted=false, timeRestricted=false}
?[1;31m
Start test 28?[0m
Looking for code with uuid=c678677f-4fe4-45e7-9151-93f508a2af0d
Code Found: Code{uuid='c678677f-4fe4-45e7-9151-93f508a2af0d', date='2022-07-28 19:16:03.188', code='class Code { ...', time=0, views=0, viewRestricted=false, timeRestricted=false}
Now Checking views count
Now Checking lifetime
Returning Code: Code{uuid='c678677f-4fe4-45e7-9151-93f508a2af0d', date='2022-07-28 19:16:03.188', code='class Code { ...', time=0, views=0, viewRestricted=false, timeRestricted=false}
?[1;31m
Start test 29?[0m
Looking for code with uuid=c678677f-4fe4-45e7-9151-93f508a2af0d
Code Found: Code{uuid='c678677f-4fe4-45e7-9151-93f508a2af0d', date='2022-07-28 19:16:03.188', code='class Code { ...', time=0, views=0, viewRestricted=false, timeRestricted=false}
Now Checking views count
Now Checking lifetime
Returning Code: Code{uuid='c678677f-4fe4-45e7-9151-93f508a2af0d', date='2022-07-28 19:16:03.188', code='class Code { ...', time=0, views=0, viewRestricted=false, timeRestricted=false}
?[1;31m
Start test 30?[0m
Looking for code with uuid=757590e1-2e2a-4abc-b6b8-fbdb3d867ded
Code Found: Code{uuid='757590e1-2e2a-4abc-b6b8-fbdb3d867ded', date='2022-07-28 19:16:03.220', code='Snippet #3', time=0, views=0, viewRestricted=false, timeRestricted=false}
Now Checking views count
Now Checking lifetime
Returning Code: Code{uuid='757590e1-2e2a-4abc-b6b8-fbdb3d867ded', date='2022-07-28 19:16:03.220', code='Snippet #3', time=0, views=0, viewRestricted=false, timeRestricted=false}
?[1;31m
Start test 31?[0m
Looking for code with uuid=757590e1-2e2a-4abc-b6b8-fbdb3d867ded
Code Found: Code{uuid='757590e1-2e2a-4abc-b6b8-fbdb3d867ded', date='2022-07-28 19:16:03.220', code='Snippet #3', time=0, views=0, viewRestricted=false, timeRestricted=false}
Now Checking views count
Now Checking lifetime
Returning Code: Code{uuid='757590e1-2e2a-4abc-b6b8-fbdb3d867ded', date='2022-07-28 19:16:03.220', code='Snippet #3', time=0, views=0, viewRestricted=false, timeRestricted=false}
?[1;31m
Start test 32?[0m
Looking for code with uuid=e5c0eea5-bfed-4c3e-ae70-b051ff36835c
Code Found: Code{uuid='e5c0eea5-bfed-4c3e-ae70-b051ff36835c', date='2022-07-28 19:16:03.225', code='Snippet #4', time=0, views=0, viewRestricted=false, timeRestricted=false}
Now Checking views count
Now Checking lifetime
Returning Code: Code{uuid='e5c0eea5-bfed-4c3e-ae70-b051ff36835c', date='2022-07-28 19:16:03.225', code='Snippet #4', time=0, views=0, viewRestricted=false, timeRestricted=false}
?[1;31m
Start test 33?[0m
Looking for code with uuid=e5c0eea5-bfed-4c3e-ae70-b051ff36835c
Code Found: Code{uuid='e5c0eea5-bfed-4c3e-ae70-b051ff36835c', date='2022-07-28 19:16:03.225', code='Snippet #4', time=0, views=0, viewRestricted=false, timeRestricted=false}
Now Checking views count
Now Checking lifetime
Returning Code: Code{uuid='e5c0eea5-bfed-4c3e-ae70-b051ff36835c', date='2022-07-28 19:16:03.225', code='Snippet #4', time=0, views=0, viewRestricted=false, timeRestricted=false}
?[1;31m
Start test 34?[0m
Looking for code with uuid=b62cad8e-c57a-421a-99df-b15d6dfbcc94
Code Found: Code{uuid='b62cad8e-c57a-421a-99df-b15d6dfbcc94', date='2022-07-28 19:16:03.230', code='Snippet #5', time=0, views=0, viewRestricted=false, timeRestricted=false}
Now Checking views count
Now Checking lifetime
Returning Code: Code{uuid='b62cad8e-c57a-421a-99df-b15d6dfbcc94', date='2022-07-28 19:16:03.230', code='Snippet #5', time=0, views=0, viewRestricted=false, timeRestricted=false}
?[1;31m
Start test 35?[0m
Looking for code with uuid=b62cad8e-c57a-421a-99df-b15d6dfbcc94
Code Found: Code{uuid='b62cad8e-c57a-421a-99df-b15d6dfbcc94', date='2022-07-28 19:16:03.230', code='Snippet #5', time=0, views=0, viewRestricted=false, timeRestricted=false}
Now Checking views count
Now Checking lifetime
Returning Code: Code{uuid='b62cad8e-c57a-421a-99df-b15d6dfbcc94', date='2022-07-28 19:16:03.230', code='Snippet #5', time=0, views=0, viewRestricted=false, timeRestricted=false}
?[1;31m
Start test 36?[0m
Looking for code with uuid=9bfa76e1-63dd-4b8c-969c-5ef7c8bb05e8
Code Found: Code{uuid='9bfa76e1-63dd-4b8c-969c-5ef7c8bb05e8', date='2022-07-28 19:16:03.234', code='Snippet #6', time=0, views=0, viewRestricted=false, timeRestricted=false}
Now Checking views count
Now Checking lifetime
Returning Code: Code{uuid='9bfa76e1-63dd-4b8c-969c-5ef7c8bb05e8', date='2022-07-28 19:16:03.234', code='Snippet #6', time=0, views=0, viewRestricted=false, timeRestricted=false}
?[1;31m
Start test 37?[0m
Looking for code with uuid=9bfa76e1-63dd-4b8c-969c-5ef7c8bb05e8
Code Found: Code{uuid='9bfa76e1-63dd-4b8c-969c-5ef7c8bb05e8', date='2022-07-28 19:16:03.234', code='Snippet #6', time=0, views=0, viewRestricted=false, timeRestricted=false}
Now Checking views count
Now Checking lifetime
Returning Code: Code{uuid='9bfa76e1-63dd-4b8c-969c-5ef7c8bb05e8', date='2022-07-28 19:16:03.234', code='Snippet #6', time=0, views=0, viewRestricted=false, timeRestricted=false}
?[1;31m
Start test 38?[0m
Looking for code with uuid=f1ae4eb7-7d73-44ce-9796-a77d0e81f773
Code Found: Code{uuid='f1ae4eb7-7d73-44ce-9796-a77d0e81f773', date='2022-07-28 19:16:03.238', code='Snippet #7', time=0, views=0, viewRestricted=false, timeRestricted=false}
Now Checking views count
Now Checking lifetime
Returning Code: Code{uuid='f1ae4eb7-7d73-44ce-9796-a77d0e81f773', date='2022-07-28 19:16:03.238', code='Snippet #7', time=0, views=0, viewRestricted=false, timeRestricted=false}
?[1;31m
Start test 39?[0m
Looking for code with uuid=f1ae4eb7-7d73-44ce-9796-a77d0e81f773
Code Found: Code{uuid='f1ae4eb7-7d73-44ce-9796-a77d0e81f773', date='2022-07-28 19:16:03.238', code='Snippet #7', time=0, views=0, viewRestricted=false, timeRestricted=false}
Now Checking views count
Now Checking lifetime
Returning Code: Code{uuid='f1ae4eb7-7d73-44ce-9796-a77d0e81f773', date='2022-07-28 19:16:03.238', code='Snippet #7', time=0, views=0, viewRestricted=false, timeRestricted=false}
?[1;31m
Start test 40?[0m
Looking for code with uuid=cc9db152-1814-4c49-b8eb-1af9b7f485ac
Code Found: Code{uuid='cc9db152-1814-4c49-b8eb-1af9b7f485ac', date='2022-07-28 19:16:03.242', code='Snippet #8', time=0, views=0, viewRestricted=false, timeRestricted=false}
Now Checking views count
Now Checking lifetime
Returning Code: Code{uuid='cc9db152-1814-4c49-b8eb-1af9b7f485ac', date='2022-07-28 19:16:03.242', code='Snippet #8', time=0, views=0, viewRestricted=false, timeRestricted=false}
?[1;31m
Start test 41?[0m
Looking for code with uuid=cc9db152-1814-4c49-b8eb-1af9b7f485ac
Code Found: Code{uuid='cc9db152-1814-4c49-b8eb-1af9b7f485ac', date='2022-07-28 19:16:03.242', code='Snippet #8', time=0, views=0, viewRestricted=false, timeRestricted=false}
Now Checking views count
Now Checking lifetime
Returning Code: Code{uuid='cc9db152-1814-4c49-b8eb-1af9b7f485ac', date='2022-07-28 19:16:03.242', code='Snippet #8', time=0, views=0, viewRestricted=false, timeRestricted=false}
?[1;31m
Start test 42?[0m
Looking for code with uuid=db774a78-cebe-4d6a-a45b-62aafe65768b
Code Found: Code{uuid='db774a78-cebe-4d6a-a45b-62aafe65768b', date='2022-07-28 19:16:03.246', code='Snippet #9', time=0, views=0, viewRestricted=false, timeRestricted=false}
Now Checking views count
Now Checking lifetime
Returning Code: Code{uuid='db774a78-cebe-4d6a-a45b-62aafe65768b', date='2022-07-28 19:16:03.246', code='Snippet #9', time=0, views=0, viewRestricted=false, timeRestricted=false}
?[1;31m
Start test 43?[0m
Looking for code with uuid=db774a78-cebe-4d6a-a45b-62aafe65768b
Code Found: Code{uuid='db774a78-cebe-4d6a-a45b-62aafe65768b', date='2022-07-28 19:16:03.246', code='Snippet #9', time=0, views=0, viewRestricted=false, timeRestricted=false}
Now Checking views count
Now Checking lifetime
Returning Code: Code{uuid='db774a78-cebe-4d6a-a45b-62aafe65768b', date='2022-07-28 19:16:03.246', code='Snippet #9', time=0, views=0, viewRestricted=false, timeRestricted=false}
?[1;31m
Start test 44?[0m
Looking for code with uuid=63625a56-ba91-4a66-9445-d8e4703f5048
Code Found: Code{uuid='63625a56-ba91-4a66-9445-d8e4703f5048', date='2022-07-28 19:16:03.251', code='Snippet #10', time=0, views=0, viewRestricted=false, timeRestricted=false}
Now Checking views count
Now Checking lifetime
Returning Code: Code{uuid='63625a56-ba91-4a66-9445-d8e4703f5048', date='2022-07-28 19:16:03.251', code='Snippet #10', time=0, views=0, viewRestricted=false, timeRestricted=false}
?[1;31m
Start test 45?[0m
Looking for code with uuid=63625a56-ba91-4a66-9445-d8e4703f5048
Code Found: Code{uuid='63625a56-ba91-4a66-9445-d8e4703f5048', date='2022-07-28 19:16:03.251', code='Snippet #10', time=0, views=0, viewRestricted=false, timeRestricted=false}
Now Checking views count
Now Checking lifetime
Returning Code: Code{uuid='63625a56-ba91-4a66-9445-d8e4703f5048', date='2022-07-28 19:16:03.251', code='Snippet #10', time=0, views=0, viewRestricted=false, timeRestricted=false}
?[1;31m
Start test 46?[0m
Looking for code with uuid=2afab81b-c650-4ce6-a3bc-657f4f87920b
Code Found: Code{uuid='2afab81b-c650-4ce6-a3bc-657f4f87920b', date='2022-07-28 19:16:03.255', code='Snippet #11', time=0, views=0, viewRestricted=false, timeRestricted=false}
Now Checking views count
Now Checking lifetime
Returning Code: Code{uuid='2afab81b-c650-4ce6-a3bc-657f4f87920b', date='2022-07-28 19:16:03.255', code='Snippet #11', time=0, views=0, viewRestricted=false, timeRestricted=false}
?[1;31m
Start test 47?[0m
Looking for code with uuid=2afab81b-c650-4ce6-a3bc-657f4f87920b
Code Found: Code{uuid='2afab81b-c650-4ce6-a3bc-657f4f87920b', date='2022-07-28 19:16:03.255', code='Snippet #11', time=0, views=0, viewRestricted=false, timeRestricted=false}
Now Checking views count
Now Checking lifetime
Returning Code: Code{uuid='2afab81b-c650-4ce6-a3bc-657f4f87920b', date='2022-07-28 19:16:03.255', code='Snippet #11', time=0, views=0, viewRestricted=false, timeRestricted=false}
?[1;31m
Start test 48?[0m
Looking for code with uuid=29da7df4-fc45-4a68-944c-839022776f25
Code Found: Code{uuid='29da7df4-fc45-4a68-944c-839022776f25', date='2022-07-28 19:16:03.259', code='Snippet #12', time=0, views=0, viewRestricted=false, timeRestricted=false}
Now Checking views count
Now Checking lifetime
Returning Code: Code{uuid='29da7df4-fc45-4a68-944c-839022776f25', date='2022-07-28 19:16:03.259', code='Snippet #12', time=0, views=0, viewRestricted=false, timeRestricted=false}
?[1;31m
Start test 49?[0m
Looking for code with uuid=29da7df4-fc45-4a68-944c-839022776f25
Code Found: Code{uuid='29da7df4-fc45-4a68-944c-839022776f25', date='2022-07-28 19:16:03.259', code='Snippet #12', time=0, views=0, viewRestricted=false, timeRestricted=false}
Now Checking views count
Now Checking lifetime
Returning Code: Code{uuid='29da7df4-fc45-4a68-944c-839022776f25', date='2022-07-28 19:16:03.259', code='Snippet #12', time=0, views=0, viewRestricted=false, timeRestricted=false}
?[1;31m
Start test 50?[0m
Looking for code with uuid=764532a6-ad17-4ee2-8d22-743bc1ff4665
Code Found: Code{uuid='764532a6-ad17-4ee2-8d22-743bc1ff4665', date='2022-07-28 19:16:03.263', code='Snippet #13', time=0, views=0, viewRestricted=false, timeRestricted=false}
Now Checking views count
Now Checking lifetime
Returning Code: Code{uuid='764532a6-ad17-4ee2-8d22-743bc1ff4665', date='2022-07-28 19:16:03.263', code='Snippet #13', time=0, views=0, viewRestricted=false, timeRestricted=false}
?[1;31m
Start test 51?[0m
Looking for code with uuid=764532a6-ad17-4ee2-8d22-743bc1ff4665
Code Found: Code{uuid='764532a6-ad17-4ee2-8d22-743bc1ff4665', date='2022-07-28 19:16:03.263', code='Snippet #13', time=0, views=0, viewRestricted=false, timeRestricted=false}
Now Checking views count
Now Checking lifetime
Returning Code: Code{uuid='764532a6-ad17-4ee2-8d22-743bc1ff4665', date='2022-07-28 19:16:03.263', code='Snippet #13', time=0, views=0, viewRestricted=false, timeRestricted=false}
?[1;31m
Start test 52?[0m
Looking for code with uuid=ec0ea795-5bfb-4e60-a76f-1ea8f882f1d0
Code Found: Code{uuid='ec0ea795-5bfb-4e60-a76f-1ea8f882f1d0', date='2022-07-28 19:16:03.267', code='Snippet #14', time=0, views=0, viewRestricted=false, timeRestricted=false}
Now Checking views count
Now Checking lifetime
Returning Code: Code{uuid='ec0ea795-5bfb-4e60-a76f-1ea8f882f1d0', date='2022-07-28 19:16:03.267', code='Snippet #14', time=0, views=0, viewRestricted=false, timeRestricted=false}
?[1;31m
Start test 53?[0m
Looking for code with uuid=ec0ea795-5bfb-4e60-a76f-1ea8f882f1d0
Code Found: Code{uuid='ec0ea795-5bfb-4e60-a76f-1ea8f882f1d0', date='2022-07-28 19:16:03.267', code='Snippet #14', time=0, views=0, viewRestricted=false, timeRestricted=false}
Now Checking views count
Now Checking lifetime
Returning Code: Code{uuid='ec0ea795-5bfb-4e60-a76f-1ea8f882f1d0', date='2022-07-28 19:16:03.267', code='Snippet #14', time=0, views=0, viewRestricted=false, timeRestricted=false}
?[1;31m
Start test 54?[0m
?[1;31m
Start test 55?[0m
?[1;31m
Start test 56?[0m
2022-07-28 19:16:03.947  INFO 13531 --- [       Thread-5] j.LocalContainerEntityManagerFactoryBean : Closing JPA EntityManagerFactory for persistence unit 'default'
2022-07-28 19:16:03.949  INFO 13531 --- [       Thread-5] com.zaxxer.hikari.HikariDataSource       : HikariPool-1 - Shutdown initiated...
2022-07-28 19:16:04.177  INFO 13531 --- [       Thread-5] com.zaxxer.hikari.HikariDataSource       : HikariPool-1 - Shutdown completed.

  .   ____          _            __ _ _
 /\\ / ___'_ __ _ _(_)_ __  __ _ \ \ \ \
( ( )\___ | '_ | '_| | '_ \/ _` | \ \ \ \
 \\/  ___)| |_)| | | | | || (_| |  ) ) ) )
  '  |____| .__|_| |_|_| |_\__, | / / / /
 =========|_|==============|___/=/_/_/_/
 :: Spring Boot ::                (v2.5.6)

2022-07-28 19:16:04.274  INFO 13531 --- [    Test worker] platform.CodeSharingPlatform             : Starting CodeSharingPlatform using Java 18.0.2 on ydoksanbirMP with PID 13531 (started by doksanbir in /Users/doksanbir/IdeaProjects/Code Sharing Platform/Code Sharing Platform/task)
2022-07-28 19:16:04.274  INFO 13531 --- [    Test worker] platform.CodeSharingPlatform             : No active profile set, falling back to default profiles: default
2022-07-28 19:16:04.368  INFO 13531 --- [    Test worker] .s.d.r.c.RepositoryConfigurationDelegate : Bootstrapping Spring Data JPA repositories in DEFAULT mode.
2022-07-28 19:16:04.370  INFO 13531 --- [    Test worker] .s.d.r.c.RepositoryConfigurationDelegate : Finished Spring Data repository scanning in 1 ms. Found 1 JPA repository interfaces.
2022-07-28 19:16:04.396  INFO 13531 --- [    Test worker] o.s.b.w.embedded.tomcat.TomcatWebServer  : Tomcat initialized with port(s): 8889 (http)
2022-07-28 19:16:04.397  INFO 13531 --- [    Test worker] o.apache.catalina.core.StandardService   : Starting service [Tomcat]
2022-07-28 19:16:04.397  INFO 13531 --- [    Test worker] org.apache.catalina.core.StandardEngine  : Starting Servlet engine: [Apache Tomcat/9.0.54]
2022-07-28 19:16:04.405  INFO 13531 --- [    Test worker] o.a.c.c.C.[Tomcat].[localhost].[/]       : Initializing Spring embedded WebApplicationContext
2022-07-28 19:16:04.405  INFO 13531 --- [    Test worker] w.s.c.ServletWebServerApplicationContext : Root WebApplicationContext: initialization completed in 130 ms
2022-07-28 19:16:04.414  INFO 13531 --- [    Test worker] com.zaxxer.hikari.HikariDataSource       : HikariPool-2 - Starting...
2022-07-28 19:16:04.417  INFO 13531 --- [    Test worker] com.zaxxer.hikari.HikariDataSource       : HikariPool-2 - Start completed.
2022-07-28 19:16:04.417  INFO 13531 --- [    Test worker] o.s.b.a.h2.H2ConsoleAutoConfiguration    : H2 console available at '/h2-console'. Database available at 'jdbc:h2:file:../snippets'
2022-07-28 19:16:04.428  INFO 13531 --- [    Test worker] o.hibernate.jpa.internal.util.LogHelper  : HHH000204: Processing PersistenceUnitInfo [name: default]
2022-07-28 19:16:04.429  INFO 13531 --- [    Test worker] org.hibernate.dialect.Dialect            : HHH000400: Using dialect: org.hibernate.dialect.H2Dialect
2022-07-28 19:16:04.450  INFO 13531 --- [    Test worker] o.h.e.t.j.p.i.JtaPlatformInitiator       : HHH000490: Using JtaPlatform implementation: [org.hibernate.engine.transaction.jta.platform.internal.NoJtaPlatform]
2022-07-28 19:16:04.450  INFO 13531 --- [    Test worker] j.LocalContainerEntityManagerFactoryBean : Initialized JPA EntityManagerFactory for persistence unit 'default'
2022-07-28 19:16:04.468  WARN 13531 --- [    Test worker] JpaBaseConfiguration$JpaWebConfiguration : spring.jpa.open-in-view is enabled by default. Therefore, database queries may be performed during view rendering. Explicitly configure spring.jpa.open-in-view to disable this warning
2022-07-28 19:16:04.487  INFO 13531 --- [    Test worker] o.s.b.a.w.s.WelcomePageHandlerMapping    : Adding welcome page template: index
2022-07-28 19:16:04.521  INFO 13531 --- [    Test worker] o.s.b.a.e.web.EndpointLinksResolver      : Exposing 14 endpoint(s) beneath base path '/actuator'
2022-07-28 19:16:04.526  INFO 13531 --- [    Test worker] o.s.b.w.embedded.tomcat.TomcatWebServer  : Tomcat started on port(s): 8889 (http) with context path ''
2022-07-28 19:16:04.529  INFO 13531 --- [    Test worker] platform.CodeSharingPlatform             : Started CodeSharingPlatform in 0.269 seconds (JVM running for 3.932)
?[1;31m
Start test 57?[0m
2022-07-28 19:16:04.532  INFO 13531 --- [nio-8889-exec-1] o.a.c.c.C.[Tomcat].[localhost].[/]       : Initializing Spring DispatcherServlet 'dispatcherServlet'
2022-07-28 19:16:04.533  INFO 13531 --- [nio-8889-exec-1] o.s.web.servlet.DispatcherServlet        : Initializing Servlet 'dispatcherServlet'
2022-07-28 19:16:04.533  INFO 13531 --- [nio-8889-exec-1] o.s.web.servlet.DispatcherServlet        : Completed initialization in 0 ms
Looking for code with uuid=a066920c-fb0c-4151-ae04-2da83325b2cc
Code Found: Code{uuid='a066920c-fb0c-4151-ae04-2da83325b2cc', date='2022-07-28 19:16:03.004', code='public static void ...', time=0, views=0, viewRestricted=false, timeRestricted=false}
Now Checking views count
Now Checking lifetime
Returning Code: Code{uuid='a066920c-fb0c-4151-ae04-2da83325b2cc', date='2022-07-28 19:16:03.004', code='public static void ...', time=0, views=0, viewRestricted=false, timeRestricted=false}
?[1;31m
Start test 58?[0m
Looking for code with uuid=a066920c-fb0c-4151-ae04-2da83325b2cc
Code Found: Code{uuid='a066920c-fb0c-4151-ae04-2da83325b2cc', date='2022-07-28 19:16:03.004', code='public static void ...', time=0, views=0, viewRestricted=false, timeRestricted=false}
Now Checking views count
Now Checking lifetime
Returning Code: Code{uuid='a066920c-fb0c-4151-ae04-2da83325b2cc', date='2022-07-28 19:16:03.004', code='public static void ...', time=0, views=0, viewRestricted=false, timeRestricted=false}
?[1;31m
Start test 59?[0m
Looking for code with uuid=c678677f-4fe4-45e7-9151-93f508a2af0d
Code Found: Code{uuid='c678677f-4fe4-45e7-9151-93f508a2af0d', date='2022-07-28 19:16:03.188', code='class Code { ...', time=0, views=0, viewRestricted=false, timeRestricted=false}
Now Checking views count
Now Checking lifetime
Returning Code: Code{uuid='c678677f-4fe4-45e7-9151-93f508a2af0d', date='2022-07-28 19:16:03.188', code='class Code { ...', time=0, views=0, viewRestricted=false, timeRestricted=false}
?[1;31m
Start test 60?[0m
Looking for code with uuid=c678677f-4fe4-45e7-9151-93f508a2af0d
Code Found: Code{uuid='c678677f-4fe4-45e7-9151-93f508a2af0d', date='2022-07-28 19:16:03.188', code='class Code { ...', time=0, views=0, viewRestricted=false, timeRestricted=false}
Now Checking views count
Now Checking lifetime
Returning Code: Code{uuid='c678677f-4fe4-45e7-9151-93f508a2af0d', date='2022-07-28 19:16:03.188', code='class Code { ...', time=0, views=0, viewRestricted=false, timeRestricted=false}
?[1;31m
Start test 61?[0m
Looking for code with uuid=757590e1-2e2a-4abc-b6b8-fbdb3d867ded
Code Found: Code{uuid='757590e1-2e2a-4abc-b6b8-fbdb3d867ded', date='2022-07-28 19:16:03.220', code='Snippet #3', time=0, views=0, viewRestricted=false, timeRestricted=false}
Now Checking views count
Now Checking lifetime
Returning Code: Code{uuid='757590e1-2e2a-4abc-b6b8-fbdb3d867ded', date='2022-07-28 19:16:03.220', code='Snippet #3', time=0, views=0, viewRestricted=false, timeRestricted=false}
?[1;31m
Start test 62?[0m
Looking for code with uuid=757590e1-2e2a-4abc-b6b8-fbdb3d867ded
Code Found: Code{uuid='757590e1-2e2a-4abc-b6b8-fbdb3d867ded', date='2022-07-28 19:16:03.220', code='Snippet #3', time=0, views=0, viewRestricted=false, timeRestricted=false}
Now Checking views count
Now Checking lifetime
Returning Code: Code{uuid='757590e1-2e2a-4abc-b6b8-fbdb3d867ded', date='2022-07-28 19:16:03.220', code='Snippet #3', time=0, views=0, viewRestricted=false, timeRestricted=false}
?[1;31m
Start test 63?[0m
Looking for code with uuid=e5c0eea5-bfed-4c3e-ae70-b051ff36835c
Code Found: Code{uuid='e5c0eea5-bfed-4c3e-ae70-b051ff36835c', date='2022-07-28 19:16:03.225', code='Snippet #4', time=0, views=0, viewRestricted=false, timeRestricted=false}
Now Checking views count
Now Checking lifetime
Returning Code: Code{uuid='e5c0eea5-bfed-4c3e-ae70-b051ff36835c', date='2022-07-28 19:16:03.225', code='Snippet #4', time=0, views=0, viewRestricted=false, timeRestricted=false}
?[1;31m
Start test 64?[0m
Looking for code with uuid=e5c0eea5-bfed-4c3e-ae70-b051ff36835c
Code Found: Code{uuid='e5c0eea5-bfed-4c3e-ae70-b051ff36835c', date='2022-07-28 19:16:03.225', code='Snippet #4', time=0, views=0, viewRestricted=false, timeRestricted=false}
Now Checking views count
Now Checking lifetime
Returning Code: Code{uuid='e5c0eea5-bfed-4c3e-ae70-b051ff36835c', date='2022-07-28 19:16:03.225', code='Snippet #4', time=0, views=0, viewRestricted=false, timeRestricted=false}
?[1;31m
Start test 65?[0m
Looking for code with uuid=b62cad8e-c57a-421a-99df-b15d6dfbcc94
Code Found: Code{uuid='b62cad8e-c57a-421a-99df-b15d6dfbcc94', date='2022-07-28 19:16:03.230', code='Snippet #5', time=0, views=0, viewRestricted=false, timeRestricted=false}
Now Checking views count
Now Checking lifetime
Returning Code: Code{uuid='b62cad8e-c57a-421a-99df-b15d6dfbcc94', date='2022-07-28 19:16:03.230', code='Snippet #5', time=0, views=0, viewRestricted=false, timeRestricted=false}
?[1;31m
Start test 66?[0m
Looking for code with uuid=b62cad8e-c57a-421a-99df-b15d6dfbcc94
Code Found: Code{uuid='b62cad8e-c57a-421a-99df-b15d6dfbcc94', date='2022-07-28 19:16:03.230', code='Snippet #5', time=0, views=0, viewRestricted=false, timeRestricted=false}
Now Checking views count
Now Checking lifetime
Returning Code: Code{uuid='b62cad8e-c57a-421a-99df-b15d6dfbcc94', date='2022-07-28 19:16:03.230', code='Snippet #5', time=0, views=0, viewRestricted=false, timeRestricted=false}
?[1;31m
Start test 67?[0m
Looking for code with uuid=9bfa76e1-63dd-4b8c-969c-5ef7c8bb05e8
Code Found: Code{uuid='9bfa76e1-63dd-4b8c-969c-5ef7c8bb05e8', date='2022-07-28 19:16:03.234', code='Snippet #6', time=0, views=0, viewRestricted=false, timeRestricted=false}
Now Checking views count
Now Checking lifetime
Returning Code: Code{uuid='9bfa76e1-63dd-4b8c-969c-5ef7c8bb05e8', date='2022-07-28 19:16:03.234', code='Snippet #6', time=0, views=0, viewRestricted=false, timeRestricted=false}
?[1;31m
Start test 68?[0m
Looking for code with uuid=9bfa76e1-63dd-4b8c-969c-5ef7c8bb05e8
Code Found: Code{uuid='9bfa76e1-63dd-4b8c-969c-5ef7c8bb05e8', date='2022-07-28 19:16:03.234', code='Snippet #6', time=0, views=0, viewRestricted=false, timeRestricted=false}
Now Checking views count
Now Checking lifetime
Returning Code: Code{uuid='9bfa76e1-63dd-4b8c-969c-5ef7c8bb05e8', date='2022-07-28 19:16:03.234', code='Snippet #6', time=0, views=0, viewRestricted=false, timeRestricted=false}
?[1;31m
Start test 69?[0m
Looking for code with uuid=f1ae4eb7-7d73-44ce-9796-a77d0e81f773
Code Found: Code{uuid='f1ae4eb7-7d73-44ce-9796-a77d0e81f773', date='2022-07-28 19:16:03.238', code='Snippet #7', time=0, views=0, viewRestricted=false, timeRestricted=false}
Now Checking views count
Now Checking lifetime
Returning Code: Code{uuid='f1ae4eb7-7d73-44ce-9796-a77d0e81f773', date='2022-07-28 19:16:03.238', code='Snippet #7', time=0, views=0, viewRestricted=false, timeRestricted=false}
?[1;31m
Start test 70?[0m
Looking for code with uuid=f1ae4eb7-7d73-44ce-9796-a77d0e81f773
Code Found: Code{uuid='f1ae4eb7-7d73-44ce-9796-a77d0e81f773', date='2022-07-28 19:16:03.238', code='Snippet #7', time=0, views=0, viewRestricted=false, timeRestricted=false}
Now Checking views count
Now Checking lifetime
Returning Code: Code{uuid='f1ae4eb7-7d73-44ce-9796-a77d0e81f773', date='2022-07-28 19:16:03.238', code='Snippet #7', time=0, views=0, viewRestricted=false, timeRestricted=false}
?[1;31m
Start test 71?[0m
Looking for code with uuid=cc9db152-1814-4c49-b8eb-1af9b7f485ac
Code Found: Code{uuid='cc9db152-1814-4c49-b8eb-1af9b7f485ac', date='2022-07-28 19:16:03.242', code='Snippet #8', time=0, views=0, viewRestricted=false, timeRestricted=false}
Now Checking views count
Now Checking lifetime
Returning Code: Code{uuid='cc9db152-1814-4c49-b8eb-1af9b7f485ac', date='2022-07-28 19:16:03.242', code='Snippet #8', time=0, views=0, viewRestricted=false, timeRestricted=false}
?[1;31m
Start test 72?[0m
Looking for code with uuid=cc9db152-1814-4c49-b8eb-1af9b7f485ac
Code Found: Code{uuid='cc9db152-1814-4c49-b8eb-1af9b7f485ac', date='2022-07-28 19:16:03.242', code='Snippet #8', time=0, views=0, viewRestricted=false, timeRestricted=false}
Now Checking views count
Now Checking lifetime
Returning Code: Code{uuid='cc9db152-1814-4c49-b8eb-1af9b7f485ac', date='2022-07-28 19:16:03.242', code='Snippet #8', time=0, views=0, viewRestricted=false, timeRestricted=false}
?[1;31m
Start test 73?[0m
Looking for code with uuid=db774a78-cebe-4d6a-a45b-62aafe65768b
Code Found: Code{uuid='db774a78-cebe-4d6a-a45b-62aafe65768b', date='2022-07-28 19:16:03.246', code='Snippet #9', time=0, views=0, viewRestricted=false, timeRestricted=false}
Now Checking views count
Now Checking lifetime
Returning Code: Code{uuid='db774a78-cebe-4d6a-a45b-62aafe65768b', date='2022-07-28 19:16:03.246', code='Snippet #9', time=0, views=0, viewRestricted=false, timeRestricted=false}
?[1;31m
Start test 74?[0m
Looking for code with uuid=db774a78-cebe-4d6a-a45b-62aafe65768b
Code Found: Code{uuid='db774a78-cebe-4d6a-a45b-62aafe65768b', date='2022-07-28 19:16:03.246', code='Snippet #9', time=0, views=0, viewRestricted=false, timeRestricted=false}
Now Checking views count
Now Checking lifetime
Returning Code: Code{uuid='db774a78-cebe-4d6a-a45b-62aafe65768b', date='2022-07-28 19:16:03.246', code='Snippet #9', time=0, views=0, viewRestricted=false, timeRestricted=false}
?[1;31m
Start test 75?[0m
Looking for code with uuid=63625a56-ba91-4a66-9445-d8e4703f5048
Code Found: Code{uuid='63625a56-ba91-4a66-9445-d8e4703f5048', date='2022-07-28 19:16:03.251', code='Snippet #10', time=0, views=0, viewRestricted=false, timeRestricted=false}
Now Checking views count
Now Checking lifetime
Returning Code: Code{uuid='63625a56-ba91-4a66-9445-d8e4703f5048', date='2022-07-28 19:16:03.251', code='Snippet #10', time=0, views=0, viewRestricted=false, timeRestricted=false}
?[1;31m
Start test 76?[0m
Looking for code with uuid=63625a56-ba91-4a66-9445-d8e4703f5048
Code Found: Code{uuid='63625a56-ba91-4a66-9445-d8e4703f5048', date='2022-07-28 19:16:03.251', code='Snippet #10', time=0, views=0, viewRestricted=false, timeRestricted=false}
Now Checking views count
Now Checking lifetime
Returning Code: Code{uuid='63625a56-ba91-4a66-9445-d8e4703f5048', date='2022-07-28 19:16:03.251', code='Snippet #10', time=0, views=0, viewRestricted=false, timeRestricted=false}
?[1;31m
Start test 77?[0m
Looking for code with uuid=2afab81b-c650-4ce6-a3bc-657f4f87920b
Code Found: Code{uuid='2afab81b-c650-4ce6-a3bc-657f4f87920b', date='2022-07-28 19:16:03.255', code='Snippet #11', time=0, views=0, viewRestricted=false, timeRestricted=false}
Now Checking views count
Now Checking lifetime
Returning Code: Code{uuid='2afab81b-c650-4ce6-a3bc-657f4f87920b', date='2022-07-28 19:16:03.255', code='Snippet #11', time=0, views=0, viewRestricted=false, timeRestricted=false}
?[1;31m
Start test 78?[0m
Looking for code with uuid=2afab81b-c650-4ce6-a3bc-657f4f87920b
Code Found: Code{uuid='2afab81b-c650-4ce6-a3bc-657f4f87920b', date='2022-07-28 19:16:03.255', code='Snippet #11', time=0, views=0, viewRestricted=false, timeRestricted=false}
Now Checking views count
Now Checking lifetime
Returning Code: Code{uuid='2afab81b-c650-4ce6-a3bc-657f4f87920b', date='2022-07-28 19:16:03.255', code='Snippet #11', time=0, views=0, viewRestricted=false, timeRestricted=false}
?[1;31m
Start test 79?[0m
Looking for code with uuid=29da7df4-fc45-4a68-944c-839022776f25
Code Found: Code{uuid='29da7df4-fc45-4a68-944c-839022776f25', date='2022-07-28 19:16:03.259', code='Snippet #12', time=0, views=0, viewRestricted=false, timeRestricted=false}
Now Checking views count
Now Checking lifetime
Returning Code: Code{uuid='29da7df4-fc45-4a68-944c-839022776f25', date='2022-07-28 19:16:03.259', code='Snippet #12', time=0, views=0, viewRestricted=false, timeRestricted=false}
?[1;31m
Start test 80?[0m
Looking for code with uuid=29da7df4-fc45-4a68-944c-839022776f25
Code Found: Code{uuid='29da7df4-fc45-4a68-944c-839022776f25', date='2022-07-28 19:16:03.259', code='Snippet #12', time=0, views=0, viewRestricted=false, timeRestricted=false}
Now Checking views count
Now Checking lifetime
Returning Code: Code{uuid='29da7df4-fc45-4a68-944c-839022776f25', date='2022-07-28 19:16:03.259', code='Snippet #12', time=0, views=0, viewRestricted=false, timeRestricted=false}
?[1;31m
Start test 81?[0m
Looking for code with uuid=764532a6-ad17-4ee2-8d22-743bc1ff4665
Code Found: Code{uuid='764532a6-ad17-4ee2-8d22-743bc1ff4665', date='2022-07-28 19:16:03.263', code='Snippet #13', time=0, views=0, viewRestricted=false, timeRestricted=false}
Now Checking views count
Now Checking lifetime
Returning Code: Code{uuid='764532a6-ad17-4ee2-8d22-743bc1ff4665', date='2022-07-28 19:16:03.263', code='Snippet #13', time=0, views=0, viewRestricted=false, timeRestricted=false}
?[1;31m
Start test 82?[0m
Looking for code with uuid=764532a6-ad17-4ee2-8d22-743bc1ff4665
Code Found: Code{uuid='764532a6-ad17-4ee2-8d22-743bc1ff4665', date='2022-07-28 19:16:03.263', code='Snippet #13', time=0, views=0, viewRestricted=false, timeRestricted=false}
Now Checking views count
Now Checking lifetime
Returning Code: Code{uuid='764532a6-ad17-4ee2-8d22-743bc1ff4665', date='2022-07-28 19:16:03.263', code='Snippet #13', time=0, views=0, viewRestricted=false, timeRestricted=false}
?[1;31m
Start test 83?[0m
Looking for code with uuid=ec0ea795-5bfb-4e60-a76f-1ea8f882f1d0
Code Found: Code{uuid='ec0ea795-5bfb-4e60-a76f-1ea8f882f1d0', date='2022-07-28 19:16:03.267', code='Snippet #14', time=0, views=0, viewRestricted=false, timeRestricted=false}
Now Checking views count
Now Checking lifetime
Returning Code: Code{uuid='ec0ea795-5bfb-4e60-a76f-1ea8f882f1d0', date='2022-07-28 19:16:03.267', code='Snippet #14', time=0, views=0, viewRestricted=false, timeRestricted=false}
?[1;31m
Start test 84?[0m
Looking for code with uuid=ec0ea795-5bfb-4e60-a76f-1ea8f882f1d0
Code Found: Code{uuid='ec0ea795-5bfb-4e60-a76f-1ea8f882f1d0', date='2022-07-28 19:16:03.267', code='Snippet #14', time=0, views=0, viewRestricted=false, timeRestricted=false}
Now Checking views count
Now Checking lifetime
Returning Code: Code{uuid='ec0ea795-5bfb-4e60-a76f-1ea8f882f1d0', date='2022-07-28 19:16:03.267', code='Snippet #14', time=0, views=0, viewRestricted=false, timeRestricted=false}
?[1;31m
Start test 85?[0m
?[1;31m
Start test 86?[0m
?[1;31m
Start test 87?[0m
676d63a9-15b6-42bf-bd37-6f7563df6a3a
?[1;31m
Start test 88?[0m
9c196d96-dc0e-402e-8008-16c6715073e0
?[1;31m
Start test 89?[0m
eeaebc59-e01e-44ed-909a-ce8d337860f8
?[1;31m
Start test 90?[0m
2765f395-3ed8-43b0-81dc-b0279ceafd07
?[1;31m
Start test 91?[0m
3760bc2b-f7e9-40f0-9fdf-a2794a6c758f
?[1;31m
Start test 92?[0m
e588319a-ea9e-45b6-8e2c-52aaab076f40
?[1;31m
Start test 93?[0m
e5186f88-0474-4250-b160-cbdc7d88a51b
?[1;31m
Start test 94?[0m
ebc02002-6d18-44b4-a90b-467f84370c3c
?[1;31m
Start test 95?[0m
Looking for code with uuid=676d63a9-15b6-42bf-bd37-6f7563df6a3a
Code Found: Code{uuid='676d63a9-15b6-42bf-bd37-6f7563df6a3a', date='2022-07-28 19:16:04.673', code='Snippet #15', time=0, views=0, viewRestricted=false, timeRestricted=false}
Now Checking views count
Now Checking lifetime
Returning Code: Code{uuid='676d63a9-15b6-42bf-bd37-6f7563df6a3a', date='2022-07-28 19:16:04.673', code='Snippet #15', time=0, views=0, viewRestricted=false, timeRestricted=false}
?[1;31m
Start test 96?[0m
Looking for code with uuid=676d63a9-15b6-42bf-bd37-6f7563df6a3a
Code Found: Code{uuid='676d63a9-15b6-42bf-bd37-6f7563df6a3a', date='2022-07-28 19:16:04.673', code='Snippet #15', time=0, views=0, viewRestricted=false, timeRestricted=false}
Now Checking views count
Now Checking lifetime
Returning Code: Code{uuid='676d63a9-15b6-42bf-bd37-6f7563df6a3a', date='2022-07-28 19:16:04.673', code='Snippet #15', time=0, views=0, viewRestricted=false, timeRestricted=false}
?[1;31m
Start test 97?[0m
Looking for code with uuid=eeaebc59-e01e-44ed-909a-ce8d337860f8
Code Found: Code{uuid='eeaebc59-e01e-44ed-909a-ce8d337860f8', date='2022-07-28 19:16:04.682', code='Snippet #17', time=0, views=0, viewRestricted=false, timeRestricted=false}
Now Checking views count
Now Checking lifetime
Returning Code: Code{uuid='eeaebc59-e01e-44ed-909a-ce8d337860f8', date='2022-07-28 19:16:04.682', code='Snippet #17', time=0, views=0, viewRestricted=false, timeRestricted=false}
?[1;31m
Start test 98?[0m
Looking for code with uuid=eeaebc59-e01e-44ed-909a-ce8d337860f8
Code Found: Code{uuid='eeaebc59-e01e-44ed-909a-ce8d337860f8', date='2022-07-28 19:16:04.682', code='Snippet #17', time=0, views=0, viewRestricted=false, timeRestricted=false}
Now Checking views count
Now Checking lifetime
Returning Code: Code{uuid='eeaebc59-e01e-44ed-909a-ce8d337860f8', date='2022-07-28 19:16:04.682', code='Snippet #17', time=0, views=0, viewRestricted=false, timeRestricted=false}
?[1;31m
Start test 99?[0m
Looking for code with uuid=3760bc2b-f7e9-40f0-9fdf-a2794a6c758f
Code Found: Code{uuid='3760bc2b-f7e9-40f0-9fdf-a2794a6c758f', date='2022-07-28 19:16:04.689', code='Snippet #19', time=0, views=0, viewRestricted=false, timeRestricted=false}
Now Checking views count
Now Checking lifetime
Returning Code: Code{uuid='3760bc2b-f7e9-40f0-9fdf-a2794a6c758f', date='2022-07-28 19:16:04.689', code='Snippet #19', time=0, views=0, viewRestricted=false, timeRestricted=false}
?[1;31m
Start test 100?[0m
Looking for code with uuid=3760bc2b-f7e9-40f0-9fdf-a2794a6c758f
Code Found: Code{uuid='3760bc2b-f7e9-40f0-9fdf-a2794a6c758f', date='2022-07-28 19:16:04.689', code='Snippet #19', time=0, views=0, viewRestricted=false, timeRestricted=false}
Now Checking views count
Now Checking lifetime
Returning Code: Code{uuid='3760bc2b-f7e9-40f0-9fdf-a2794a6c758f', date='2022-07-28 19:16:04.689', code='Snippet #19', time=0, views=0, viewRestricted=false, timeRestricted=false}
?[1;31m
Start test 101?[0m
Looking for code with uuid=e5186f88-0474-4250-b160-cbdc7d88a51b
Code Found: Code{uuid='e5186f88-0474-4250-b160-cbdc7d88a51b', date='2022-07-28 19:16:04.697', code='Snippet #21', time=0, views=0, viewRestricted=false, timeRestricted=false}
Now Checking views count
Now Checking lifetime
Returning Code: Code{uuid='e5186f88-0474-4250-b160-cbdc7d88a51b', date='2022-07-28 19:16:04.697', code='Snippet #21', time=0, views=0, viewRestricted=false, timeRestricted=false}
?[1;31m
Start test 102?[0m
Looking for code with uuid=e5186f88-0474-4250-b160-cbdc7d88a51b
Code Found: Code{uuid='e5186f88-0474-4250-b160-cbdc7d88a51b', date='2022-07-28 19:16:04.697', code='Snippet #21', time=0, views=0, viewRestricted=false, timeRestricted=false}
Now Checking views count
Now Checking lifetime
Returning Code: Code{uuid='e5186f88-0474-4250-b160-cbdc7d88a51b', date='2022-07-28 19:16:04.697', code='Snippet #21', time=0, views=0, viewRestricted=false, timeRestricted=false}
?[1;31m
Start test 103?[0m

  .   ____          _            __ _ _
 /\\ / ___'_ __ _ _(_)_ __  __ _ \ \ \ \
( ( )\___ | '_ | '_| | '_ \/ _` | \ \ \ \
 \\/  ___)| |_)| | | | | || (_| |  ) ) ) )
  '  |____| .__|_| |_|_| |_\__, | / / / /
 =========|_|==============|___/=/_/_/_/
 :: Spring Boot ::                (v2.5.6)

2022-07-28 19:16:10.292  INFO 13531 --- [    Test worker] platform.CodeSharingPlatform             : Starting CodeSharingPlatform using Java 18.0.2 on ydoksanbirMP with PID 13531 (started by doksanbir in /Users/doksanbir/IdeaProjects/Code Sharing Platform/Code Sharing Platform/task)
2022-07-28 19:16:10.292  INFO 13531 --- [    Test worker] platform.CodeSharingPlatform             : No active profile set, falling back to default profiles: default
2022-07-28 19:16:10.377  INFO 13531 --- [    Test worker] .s.d.r.c.RepositoryConfigurationDelegate : Bootstrapping Spring Data JPA repositories in DEFAULT mode.
2022-07-28 19:16:10.379  INFO 13531 --- [    Test worker] .s.d.r.c.RepositoryConfigurationDelegate : Finished Spring Data repository scanning in 1 ms. Found 1 JPA repository interfaces.
2022-07-28 19:16:10.413  INFO 13531 --- [    Test worker] o.s.b.w.embedded.tomcat.TomcatWebServer  : Tomcat initialized with port(s): 8889 (http)
2022-07-28 19:16:10.413  INFO 13531 --- [    Test worker] o.apache.catalina.core.StandardService   : Starting service [Tomcat]
2022-07-28 19:16:10.413  INFO 13531 --- [    Test worker] org.apache.catalina.core.StandardEngine  : Starting Servlet engine: [Apache Tomcat/9.0.54]
2022-07-28 19:16:10.437  INFO 13531 --- [    Test worker] o.a.c.c.C.[Tomcat].[localhost].[/]       : Initializing Spring embedded WebApplicationContext
2022-07-28 19:16:10.438  INFO 13531 --- [    Test worker] w.s.c.ServletWebServerApplicationContext : Root WebApplicationContext: initialization completed in 144 ms
2022-07-28 19:16:10.446  INFO 13531 --- [    Test worker] com.zaxxer.hikari.HikariDataSource       : HikariPool-3 - Starting...
2022-07-28 19:16:10.488  INFO 13531 --- [       Thread-7] com.zaxxer.hikari.HikariDataSource       : HikariPool-2 - Shutdown completed.
2022-07-28 19:16:10.491  INFO 13531 --- [    Test worker] com.zaxxer.hikari.HikariDataSource       : HikariPool-3 - Start completed.
2022-07-28 19:16:10.491  INFO 13531 --- [    Test worker] o.s.b.a.h2.H2ConsoleAutoConfiguration    : H2 console available at '/h2-console'. Database available at 'jdbc:h2:file:../snippets'
2022-07-28 19:16:10.507  INFO 13531 --- [    Test worker] o.hibernate.jpa.internal.util.LogHelper  : HHH000204: Processing PersistenceUnitInfo [name: default]
2022-07-28 19:16:10.509  INFO 13531 --- [    Test worker] org.hibernate.dialect.Dialect            : HHH000400: Using dialect: org.hibernate.dialect.H2Dialect
2022-07-28 19:16:10.525  INFO 13531 --- [    Test worker] o.h.e.t.j.p.i.JtaPlatformInitiator       : HHH000490: Using JtaPlatform implementation: [org.hibernate.engine.transaction.jta.platform.internal.NoJtaPlatform]
2022-07-28 19:16:10.525  INFO 13531 --- [    Test worker] j.LocalContainerEntityManagerFactoryBean : Initialized JPA EntityManagerFactory for persistence unit 'default'
2022-07-28 19:16:10.541  WARN 13531 --- [    Test worker] JpaBaseConfiguration$JpaWebConfiguration : spring.jpa.open-in-view is enabled by default. Therefore, database queries may be performed during view rendering. Explicitly configure spring.jpa.open-in-view to disable this warning
2022-07-28 19:16:10.554  INFO 13531 --- [    Test worker] o.s.b.a.w.s.WelcomePageHandlerMapping    : Adding welcome page template: index
2022-07-28 19:16:10.581  INFO 13531 --- [    Test worker] o.s.b.a.e.web.EndpointLinksResolver      : Exposing 14 endpoint(s) beneath base path '/actuator'
2022-07-28 19:16:10.585  INFO 13531 --- [    Test worker] o.s.b.w.embedded.tomcat.TomcatWebServer  : Tomcat started on port(s): 8889 (http) with context path ''
2022-07-28 19:16:10.588  INFO 13531 --- [    Test worker] platform.CodeSharingPlatform             : Started CodeSharingPlatform in 0.313 seconds (JVM running for 9.992)
?[1;31m
Start test 104?[0m
?[1;31m
Start test 105?[0m
2022-07-28 19:16:10.591  INFO 13531 --- [nio-8889-exec-1] o.a.c.c.C.[Tomcat].[localhost].[/]       : Initializing Spring DispatcherServlet 'dispatcherServlet'
2022-07-28 19:16:10.591  INFO 13531 --- [nio-8889-exec-1] o.s.web.servlet.DispatcherServlet        : Initializing Servlet 'dispatcherServlet'
2022-07-28 19:16:10.591  INFO 13531 --- [nio-8889-exec-1] o.s.web.servlet.DispatcherServlet        : Completed initialization in 0 ms
Looking for code with uuid=9c196d96-dc0e-402e-8008-16c6715073e0
Code Found: Code{uuid='9c196d96-dc0e-402e-8008-16c6715073e0', date='2022-07-28 19:16:04.678', code='Snippet #16', time=100, views=20, viewRestricted=true, timeRestricted=true}
Now Checking views count
Code saved with new views count = 19
Now Checking lifetime
Code saved with new lifetime = 94
Returning Code: Code{uuid='9c196d96-dc0e-402e-8008-16c6715073e0', date='2022-07-28 19:16:04.678', code='Snippet #16', time=94, views=19, viewRestricted=true, timeRestricted=true}
?[1;31m
Start test 106?[0m
Looking for code with uuid=9c196d96-dc0e-402e-8008-16c6715073e0
Code Found: Code{uuid='9c196d96-dc0e-402e-8008-16c6715073e0', date='2022-07-28 19:16:04.678', code='Snippet #16', time=94, views=19, viewRestricted=true, timeRestricted=true}
Now Checking views count
Code saved with new views count = 18
Now Checking lifetime
Code saved with new lifetime = 88
Returning Code: Code{uuid='9c196d96-dc0e-402e-8008-16c6715073e0', date='2022-07-28 19:16:04.678', code='Snippet #16', time=88, views=18, viewRestricted=true, timeRestricted=true}
?[1;31m
Start test 107?[0m
Looking for code with uuid=2765f395-3ed8-43b0-81dc-b0279ceafd07
Code Found: Code{uuid='2765f395-3ed8-43b0-81dc-b0279ceafd07', date='2022-07-28 19:16:04.686', code='Snippet #18', time=0, views=5, viewRestricted=true, timeRestricted=false}
Now Checking views count
Code saved with new views count = 4
Now Checking lifetime
Returning Code: Code{uuid='2765f395-3ed8-43b0-81dc-b0279ceafd07', date='2022-07-28 19:16:04.686', code='Snippet #18', time=0, views=4, viewRestricted=true, timeRestricted=false}
?[1;31m
Start test 108?[0m
Looking for code with uuid=2765f395-3ed8-43b0-81dc-b0279ceafd07
Code Found: Code{uuid='2765f395-3ed8-43b0-81dc-b0279ceafd07', date='2022-07-28 19:16:04.686', code='Snippet #18', time=0, views=4, viewRestricted=true, timeRestricted=false}
Now Checking views count
Code saved with new views count = 3
Now Checking lifetime
Returning Code: Code{uuid='2765f395-3ed8-43b0-81dc-b0279ceafd07', date='2022-07-28 19:16:04.686', code='Snippet #18', time=0, views=3, viewRestricted=true, timeRestricted=false}
?[1;31m
Start test 109?[0m
Looking for code with uuid=e588319a-ea9e-45b6-8e2c-52aaab076f40
Code Found: Code{uuid='e588319a-ea9e-45b6-8e2c-52aaab076f40', date='2022-07-28 19:16:04.693', code='Snippet #20', time=3, views=0, viewRestricted=false, timeRestricted=true}
Now Checking views count
Now Checking lifetime
Code Deleted. Out of time
?[1;31m
Start test 110?[0m
Looking for code with uuid=e588319a-ea9e-45b6-8e2c-52aaab076f40
?[1;31m
Start test 111?[0m
Looking for code with uuid=ebc02002-6d18-44b4-a90b-467f84370c3c
Code Found: Code{uuid='ebc02002-6d18-44b4-a90b-467f84370c3c', date='2022-07-28 19:16:04.701', code='Snippet #22', time=30, views=0, viewRestricted=false, timeRestricted=true}
Now Checking views count
Now Checking lifetime
Code saved with new lifetime = 24
Returning Code: Code{uuid='ebc02002-6d18-44b4-a90b-467f84370c3c', date='2022-07-28 19:16:04.701', code='Snippet #22', time=24, views=0, viewRestricted=false, timeRestricted=true}
?[1;31m
Start test 112?[0m
Looking for code with uuid=ebc02002-6d18-44b4-a90b-467f84370c3c
Code Found: Code{uuid='ebc02002-6d18-44b4-a90b-467f84370c3c', date='2022-07-28 19:16:04.701', code='Snippet #22', time=24, views=0, viewRestricted=false, timeRestricted=true}
Now Checking views count
Now Checking lifetime
Code saved with new lifetime = 18
Returning Code: Code{uuid='ebc02002-6d18-44b4-a90b-467f84370c3c', date='2022-07-28 19:16:04.701', code='Snippet #22', time=18, views=0, viewRestricted=false, timeRestricted=true}
?[1;31m
Start test 113?[0m
?[1;31m
Start test 114?[0m
?[1;31m
Start test 115?[0m
Looking for code with uuid=2765f395-3ed8-43b0-81dc-b0279ceafd07
Code Found: Code{uuid='2765f395-3ed8-43b0-81dc-b0279ceafd07', date='2022-07-28 19:16:04.686', code='Snippet #18', time=0, views=3, viewRestricted=true, timeRestricted=false}
Now Checking views count
Code saved with new views count = 2
Now Checking lifetime
Returning Code: Code{uuid='2765f395-3ed8-43b0-81dc-b0279ceafd07', date='2022-07-28 19:16:04.686', code='Snippet #18', time=0, views=2, viewRestricted=true, timeRestricted=false}
?[1;31m
Start test 116?[0m
Looking for code with uuid=2765f395-3ed8-43b0-81dc-b0279ceafd07
Code Found: Code{uuid='2765f395-3ed8-43b0-81dc-b0279ceafd07', date='2022-07-28 19:16:04.686', code='Snippet #18', time=0, views=2, viewRestricted=true, timeRestricted=false}
Now Checking views count
Code saved with new views count = 1
Now Checking lifetime
Returning Code: Code{uuid='2765f395-3ed8-43b0-81dc-b0279ceafd07', date='2022-07-28 19:16:04.686', code='Snippet #18', time=0, views=1, viewRestricted=true, timeRestricted=false}
?[1;31m
Start test 117?[0m
Looking for code with uuid=2765f395-3ed8-43b0-81dc-b0279ceafd07
Code Found: Code{uuid='2765f395-3ed8-43b0-81dc-b0279ceafd07', date='2022-07-28 19:16:04.686', code='Snippet #18', time=0, views=1, viewRestricted=true, timeRestricted=false}
Now Checking views count
Code deleted because of view count is 0 now
Now Checking lifetime
Returning Code: Code{uuid='2765f395-3ed8-43b0-81dc-b0279ceafd07', date='2022-07-28 19:16:04.686', code='Snippet #18', time=0, views=0, viewRestricted=true, timeRestricted=false}
?[1;31m
Start test 118?[0m
Looking for code with uuid=2765f395-3ed8-43b0-81dc-b0279ceafd07
?[1;31m
Start test 119?[0m
Looking for code with uuid=2765f395-3ed8-43b0-81dc-b0279ceafd07
]]></system-out>
  <system-err><![CDATA[]]></system-err>
</testsuite>
